\BOOKMARK [1][-]{section*.1}{\376\377\000L\000i\000s\000t\000\040\000o\000f\000\040\000T\000a\000b\000l\000e\000s}{}% 1
\BOOKMARK [1][-]{section*.2}{\376\377\000L\000i\000s\000t\000\040\000o\000f\000\040\000F\000i\000g\000u\000r\000e\000s}{}% 2
\BOOKMARK [1][-]{section.1}{\376\377\000S\000T\000M\000a\000t\000c\000h\000:\000\040\000A\000c\000c\000e\000l\000e\000r\000a\000t\000i\000n\000g\000\040\000G\000r\000a\000p\000h\000\040\000P\000a\000t\000t\000e\000r\000n\000\040\000M\000a\000t\000c\000h\000i\000n\000g\000\040\000o\000n\000\040\000G\000P\000U\000\040\000w\000i\000t\000h\000\040\000S\000t\000a\000c\000k\000-\000B\000a\000s\000e\000d\000\040\000L\000o\000o\000p\000\040\000O\000p\000t\000i\000m\000i\000z\000a\000t\000i\000o\000n\000s}{}% 3
\BOOKMARK [2][-]{subsection.1.1}{\376\377\000I\000n\000t\000r\000o\000d\000u\000c\000t\000i\000o\000n}{section.1}% 4
\BOOKMARK [2][-]{subsection.1.2}{\376\377\000P\000r\000e\000l\000i\000m\000i\000n\000a\000r\000i\000e\000s}{section.1}% 5
\BOOKMARK [3][-]{subsubsection.1.2.1}{\376\377\000P\000r\000o\000b\000l\000e\000m\000\040\000D\000e\000f\000i\000n\000i\000t\000i\000o\000n}{subsection.1.2}% 6
\BOOKMARK [3][-]{subsubsection.1.2.2}{\376\377\000B\000a\000c\000k\000t\000r\000a\000c\000k\000i\000n\000g\000\040\000f\000o\000r\000\040\000G\000r\000a\000p\000h\000\040\000P\000a\000t\000t\000e\000r\000n\000\040\000M\000a\000t\000c\000h\000i\000n\000g}{subsection.1.2}% 7
\BOOKMARK [3][-]{subsubsection.1.2.3}{\376\377\000G\000P\000U\000\040\000A\000r\000c\000h\000i\000t\000e\000c\000t\000u\000r\000e}{subsection.1.2}% 8
\BOOKMARK [2][-]{subsection.1.3}{\376\377\000C\000h\000a\000l\000l\000e\000n\000g\000e\000s\000\040\000f\000o\000r\000\040\000P\000a\000r\000a\000l\000l\000e\000l\000i\000z\000i\000n\000g\000\040\000B\000a\000c\000k\000t\000r\000a\000c\000k\000i\000n\000g}{section.1}% 9
\BOOKMARK [2][-]{subsection.1.4}{\376\377\000O\000v\000e\000r\000v\000i\000e\000w\000\040\000o\000f\000\040\000S\000T\000M\000a\000t\000c\000h}{section.1}% 10
\BOOKMARK [2][-]{subsection.1.5}{\376\377\000L\000o\000a\000d\000\040\000B\000a\000l\000a\000n\000c\000i\000n\000g\000\040\000w\000i\000t\000h\000\040\000T\000w\000o\000-\000L\000e\000v\000e\000l\000\040\000W\000o\000r\000k\000\040\000S\000t\000e\000a\000l\000i\000n\000g}{section.1}% 11
\BOOKMARK [3][-]{subsubsection.1.5.1}{\376\377\000S\000t\000e\000a\000l\000i\000n\000g\000\040\000W\000i\000t\000h\000i\000n\000\040\000a\000\040\000T\000h\000r\000e\000a\000d\000b\000l\000o\000c\000k}{subsection.1.5}% 12
\BOOKMARK [3][-]{subsubsection.1.5.2}{\376\377\000S\000t\000e\000a\000l\000i\000n\000g\000\040\000A\000c\000r\000o\000s\000s\000\040\000T\000h\000r\000e\000a\000d\000B\000l\000o\000c\000k\000s}{subsection.1.5}% 13
\BOOKMARK [2][-]{subsection.1.6}{\376\377\000I\000m\000p\000r\000o\000v\000i\000n\000g\000\040\000T\000h\000r\000e\000a\000d\000\040\000U\000t\000i\000l\000i\000z\000a\000t\000i\000o\000n\000\040\000w\000i\000t\000h\000\040\000L\000o\000o\000p\000\040\000U\000n\000r\000o\000l\000l\000i\000n\000g}{section.1}% 14
\BOOKMARK [2][-]{subsection.1.7}{\376\377\000R\000e\000d\000u\000c\000i\000n\000g\000\040\000R\000e\000d\000u\000n\000d\000a\000n\000c\000y\000\040\000W\000i\000t\000h\000\040\000L\000o\000o\000p\000-\000I\000n\000v\000a\000r\000i\000a\000n\000t\000\040\000C\000o\000d\000e\000\040\000M\000o\000t\000i\000o\000n}{section.1}% 15
\BOOKMARK [2][-]{subsection.1.8}{\376\377\000E\000x\000p\000e\000r\000i\000m\000e\000n\000t\000a\000l\000\040\000R\000e\000s\000u\000l\000t\000s}{section.1}% 16
\BOOKMARK [3][-]{subsubsection.1.8.1}{\376\377\000E\000x\000p\000e\000r\000i\000m\000e\000n\000t\000a\000l\000\040\000S\000e\000t\000u\000p}{subsection.1.8}% 17
\BOOKMARK [3][-]{subsubsection.1.8.2}{\376\377\000O\000v\000e\000r\000a\000l\000l\000\040\000P\000e\000r\000f\000o\000r\000m\000a\000n\000c\000e}{subsection.1.8}% 18
\BOOKMARK [3][-]{subsubsection.1.8.3}{\376\377\000B\000e\000n\000e\000f\000i\000t\000s\000\040\000o\000f\000\040\000P\000r\000o\000p\000o\000s\000e\000d\000\040\000T\000e\000c\000h\000n\000i\000q\000u\000e\000s}{subsection.1.8}% 19
\BOOKMARK [2][-]{subsection.1.9}{\376\377\000R\000e\000l\000a\000t\000e\000d\000\040\000W\000o\000r\000k}{section.1}% 20
\BOOKMARK [2][-]{subsection.1.10}{\376\377\000C\000o\000n\000c\000l\000u\000s\000i\000o\000n}{section.1}% 21
\BOOKMARK [1][-]{section.2}{\376\377\000G\000C\000S\000M\000:\000\040\000G\000P\000U\000-\000A\000c\000c\000e\000l\000e\000r\000a\000t\000e\000d\000\040\000C\000o\000n\000t\000i\000n\000u\000o\000u\000s\000\040\000S\000u\000b\000g\000r\000a\000p\000h\000\040\000M\000a\000t\000c\000h\000i\000n\000g\000\040\000f\000o\000r\000\040\000L\000a\000r\000g\000e\000\040\000G\000r\000a\000p\000h\000s}{}% 22
\BOOKMARK [2][-]{subsection.2.1}{\376\377\000I\000n\000t\000r\000o\000d\000u\000c\000t\000i\000o\000n}{section.2}% 23
\BOOKMARK [2][-]{subsection.2.2}{\376\377\000B\000a\000c\000k\000g\000r\000o\000u\000n\000d}{section.2}% 24
\BOOKMARK [3][-]{subsubsection.2.2.1}{\376\377\000P\000r\000o\000b\000l\000e\000m\000\040\000D\000e\000f\000i\000n\000i\000t\000i\000o\000n}{subsection.2.2}% 25
\BOOKMARK [3][-]{subsubsection.2.2.2}{\376\377\000W\000o\000r\000s\000t\000-\000C\000a\000s\000e\000\040\000O\000p\000t\000i\000m\000a\000l\000\040\000J\000o\000i\000n\000\040\000f\000o\000r\000\040\000C\000S\000M}{subsection.2.2}% 26
\BOOKMARK [3][-]{subsubsection.2.2.3}{\376\377\000C\000P\000U\000-\000G\000P\000U\000\040\000C\000o\000m\000m\000u\000n\000i\000c\000a\000t\000i\000o\000n}{subsection.2.2}% 27
\BOOKMARK [2][-]{subsection.2.3}{\376\377\000O\000v\000e\000r\000v\000i\000e\000w\000\040\000o\000f\000\040\000G\000C\000S\000M}{section.2}% 28
\BOOKMARK [2][-]{subsection.2.4}{\376\377\000O\000b\000t\000a\000i\000n\000i\000n\000g\000\040\000F\000r\000e\000q\000u\000e\000n\000t\000\040\000V\000e\000r\000t\000i\000c\000e\000s}{section.2}% 29
\BOOKMARK [3][-]{subsubsection.2.4.1}{\376\377\000E\000s\000t\000i\000m\000a\000t\000i\000n\000g\000\040\000A\000c\000c\000e\000s\000s\000\040\000F\000r\000e\000q\000u\000e\000n\000c\000y\000\040\000w\000i\000t\000h\000\040\000R\000a\000n\000d\000o\000m\000\040\000W\000a\000l\000k}{subsection.2.4}% 30
\BOOKMARK [3][-]{subsubsection.2.4.2}{\376\377\000M\000u\000l\000t\000i\000p\000l\000e\000\040\000R\000a\000n\000d\000o\000m\000\040\000W\000a\000l\000k\000s\000\040\000w\000i\000t\000h\000\040\000O\000n\000e\000\040\000S\000i\000n\000g\000l\000e\000\040\000E\000x\000e\000c\000u\000t\000i\000o\000n}{subsection.2.4}% 31
\BOOKMARK [2][-]{subsection.2.5}{\376\377\000E\000x\000a\000c\000t\000\040\000I\000n\000c\000r\000e\000m\000e\000n\000t\000a\000l\000\040\000M\000a\000t\000c\000h\000i\000n\000g\000\040\000w\000i\000t\000h\000\040\000C\000a\000c\000h\000e\000d\000\040\000D\000a\000t\000a\000\040\000o\000n\000\040\000G\000P\000U}{section.2}% 32
\BOOKMARK [3][-]{subsubsection.2.5.1}{\376\377\000G\000r\000a\000p\000h\000\040\000D\000a\000t\000a\000\040\000S\000t\000r\000u\000c\000t\000u\000r\000e\000\040\000o\000n\000\040\000C\000P\000U}{subsection.2.5}% 33
\BOOKMARK [3][-]{subsubsection.2.5.2}{\376\377\000D\000a\000t\000a\000\040\000P\000r\000e\000p\000a\000r\000a\000t\000i\000o\000n\000\040\000f\000o\000r\000\040\000G\000P\000U}{subsection.2.5}% 34
\BOOKMARK [3][-]{subsubsection.2.5.3}{\376\377\000P\000a\000r\000a\000l\000l\000e\000l\000\040\000I\000n\000c\000r\000e\000m\000e\000n\000t\000a\000l\000\040\000M\000a\000t\000c\000h\000i\000n\000g\000\040\000o\000n\000\040\000G\000P\000U}{subsection.2.5}% 35
\BOOKMARK [2][-]{subsection.2.6}{\376\377\000E\000x\000p\000e\000r\000i\000m\000e\000n\000t\000a\000l\000\040\000R\000e\000s\000u\000l\000t\000s}{section.2}% 36
\BOOKMARK [3][-]{subsubsection.2.6.1}{\376\377\000E\000x\000p\000e\000r\000i\000m\000e\000n\000t\000a\000l\000\040\000S\000e\000t\000u\000p}{subsection.2.6}% 37
\BOOKMARK [3][-]{subsubsection.2.6.2}{\376\377\000C\000o\000m\000p\000a\000r\000i\000s\000o\000n\000\040\000w\000i\000t\000h\000\040\000N\000a\000i\000v\000e\000\040\000G\000P\000U\000\040\000I\000m\000p\000l\000e\000m\000e\000n\000t\000a\000t\000i\000o\000n\000s}{subsection.2.6}% 38
\BOOKMARK [3][-]{subsubsection.2.6.3}{\376\377\000C\000o\000m\000p\000a\000r\000i\000s\000o\000n\000\040\000w\000i\000t\000h\000\040\000C\000P\000U\000\040\000I\000m\000p\000l\000e\000m\000e\000n\000t\000a\000t\000i\000o\000n\000s}{subsection.2.6}% 39
\BOOKMARK [3][-]{subsubsection.2.6.4}{\376\377\000E\000f\000f\000e\000c\000t\000i\000v\000e\000n\000e\000s\000s\000\040\000o\000f\000\040\000F\000r\000e\000q\000u\000e\000n\000c\000y\000\040\000E\000s\000t\000i\000m\000a\000t\000i\000o\000n}{subsection.2.6}% 40
\BOOKMARK [3][-]{subsubsection.2.6.5}{\376\377\000G\000r\000a\000p\000h\000\040\000R\000e\000o\000r\000g\000a\000n\000i\000z\000a\000t\000i\000o\000n\000\040\000O\000v\000e\000r\000h\000e\000a\000d}{subsection.2.6}% 41
\BOOKMARK [2][-]{subsection.2.7}{\376\377\000R\000e\000l\000a\000t\000e\000d\000\040\000W\000o\000r\000k\000s}{section.2}% 42
\BOOKMARK [2][-]{subsection.2.8}{\376\377\000C\000o\000n\000c\000l\000u\000s\000i\000o\000n}{section.2}% 43
\BOOKMARK [1][-]{section.3}{\376\377\000M\000a\000t\000c\000h\000a\000:\000\040\000A\000\040\000L\000a\000n\000g\000u\000a\000g\000e\000\040\000a\000n\000d\000\040\000C\000o\000m\000p\000i\000l\000e\000r\000\040\000f\000o\000r\000\040\000B\000a\000c\000k\000t\000r\000a\000c\000k\000i\000n\000g\000-\000b\000a\000s\000e\000d\000\040\000S\000u\000b\000g\000r\000a\000p\000h\000\040\000M\000a\000t\000c\000h\000i\000n\000g}{}% 44
\BOOKMARK [2][-]{subsection.3.1}{\376\377\000I\000n\000t\000r\000o\000d\000u\000c\000t\000i\000o\000n}{section.3}% 45
\BOOKMARK [2][-]{subsection.3.2}{\376\377\000B\000a\000c\000k\000g\000r\000o\000u\000n\000d}{section.3}% 46
\BOOKMARK [3][-]{subsubsection.3.2.1}{\376\377\000S\000u\000b\000g\000r\000a\000p\000h\000\040\000M\000a\000t\000c\000h\000i\000n\000g\000\040\000P\000r\000o\000b\000l\000e\000m\000s}{subsection.3.2}% 47
\BOOKMARK [3][-]{subsubsection.3.2.2}{\376\377\000S\000u\000b\000g\000r\000a\000p\000h\000\040\000M\000a\000t\000c\000h\000i\000n\000g\000\040\000A\000l\000g\000o\000r\000i\000t\000h\000m\000s}{subsection.3.2}% 48
\BOOKMARK [2][-]{subsection.3.3}{\376\377\000L\000i\000m\000i\000t\000a\000t\000i\000o\000n\000s\000\040\000w\000i\000t\000h\000\040\000E\000x\000i\000s\000t\000i\000n\000g\000\040\000S\000u\000b\000g\000r\000a\000p\000h\000\040\000M\000a\000t\000c\000h\000i\000n\000g\000\040\000S\000y\000s\000t\000e\000m\000s}{section.3}% 49
\BOOKMARK [2][-]{subsection.3.4}{\376\377\000T\000h\000e\000\040\000M\000a\000t\000c\000h\000a\000\040\000D\000S\000L}{section.3}% 50
\BOOKMARK [3][-]{subsubsection.3.4.1}{\376\377\000P\000r\000o\000g\000r\000a\000m\000m\000i\000n\000g\000\040\000I\000n\000t\000e\000r\000f\000a\000c\000e}{subsection.3.4}% 51
\BOOKMARK [2][-]{subsection.3.5}{\376\377\000M\000a\000t\000c\000h\000a\000\040\000C\000o\000m\000p\000i\000l\000a\000t\000i\000o\000n\000\040\000P\000i\000p\000e\000l\000i\000n\000e}{section.3}% 52
\BOOKMARK [3][-]{subsubsection.3.5.1}{\376\377\000G\000e\000n\000e\000r\000a\000t\000i\000n\000g\000\040\000I\000R\000\040\000o\000n\000\040\000A\000S\000G}{subsection.3.5}% 53
\BOOKMARK [3][-]{subsubsection.3.5.2}{\376\377\000T\000r\000a\000n\000s\000l\000a\000t\000i\000n\000g\000\040\000I\000R\000\040\000t\000o\000\040\000C\000+\000+\000\040\000C\000o\000d\000e}{subsection.3.5}% 54
\BOOKMARK [2][-]{subsection.3.6}{\376\377\000O\000p\000t\000i\000m\000i\000z\000a\000t\000i\000o\000n\000\040\000a\000n\000d\000\040\000P\000a\000r\000a\000l\000l\000e\000l\000i\000z\000a\000t\000i\000o\000n}{section.3}% 55
\BOOKMARK [3][-]{subsubsection.3.6.1}{\376\377\000O\000p\000e\000r\000a\000t\000o\000r\000\040\000F\000u\000s\000i\000o\000n}{subsection.3.6}% 56
\BOOKMARK [3][-]{subsubsection.3.6.2}{\376\377\000L\000o\000o\000p\000-\000I\000n\000v\000a\000r\000i\000a\000n\000t\000\040\000C\000o\000d\000e\000\040\000M\000o\000t\000i\000o\000n}{subsection.3.6}% 57
\BOOKMARK [3][-]{subsubsection.3.6.3}{\376\377\000A\000u\000t\000o\000m\000a\000t\000i\000c\000\040\000P\000a\000r\000a\000l\000l\000e\000l\000i\000z\000a\000t\000i\000o\000n}{subsection.3.6}% 58
\BOOKMARK [2][-]{subsection.3.7}{\376\377\000E\000v\000a\000l\000u\000a\000t\000i\000o\000n}{section.3}% 59
\BOOKMARK [3][-]{subsubsection.3.7.1}{\376\377\000E\000x\000p\000e\000r\000i\000m\000e\000n\000t\000a\000l\000\040\000S\000e\000t\000u\000p}{subsection.3.7}% 60
\BOOKMARK [3][-]{subsubsection.3.7.2}{\376\377\000R\000e\000s\000u\000l\000t\000s\000\040\000f\000o\000r\000\040\000M\000o\000t\000i\000f\000\040\000C\000o\000u\000n\000t\000i\000n\000g}{subsection.3.7}% 61
\BOOKMARK [3][-]{subsubsection.3.7.3}{\376\377\000R\000e\000s\000u\000l\000t\000s\000\040\000f\000o\000r\000\040\000S\000u\000b\000g\000r\000a\000p\000h\000\040\000L\000i\000s\000t\000i\000n\000g}{subsection.3.7}% 62
\BOOKMARK [3][-]{subsubsection.3.7.4}{\376\377\000R\000e\000s\000u\000l\000t\000s\000\040\000f\000o\000r\000\040\000C\000l\000i\000q\000u\000e\000\040\000C\000o\000u\000n\000t\000i\000n\000g}{subsection.3.7}% 63
\BOOKMARK [3][-]{subsubsection.3.7.5}{\376\377\000R\000e\000s\000u\000l\000t\000s\000\040\000f\000o\000r\000\040\000T\000e\000m\000p\000o\000r\000a\000l\000\040\000S\000u\000b\000g\000r\000a\000p\000h\000\040\000L\000i\000s\000t\000i\000n\000g}{subsection.3.7}% 64
\BOOKMARK [1][-]{section.4}{\376\377\000D\000C\000S\000M\000:\000\040\000E\000n\000a\000b\000l\000i\000n\000g\000\040\000I\000n\000t\000e\000r\000-\000B\000a\000t\000c\000h\000\040\000P\000a\000r\000a\000l\000l\000e\000l\000i\000s\000m\000\040\000f\000o\000r\000\040\000C\000o\000n\000t\000i\000n\000u\000o\000u\000s\000\040\000S\000u\000b\000g\000r\000a\000p\000h\000\040\000M\000a\000t\000c\000h\000i\000n\000g\000\040\000o\000n\000\040\000G\000P\000U}{}% 65
\BOOKMARK [2][-]{subsection.4.1}{\376\377\000I\000n\000t\000r\000o\000d\000u\000c\000t\000i\000o\000n}{section.4}% 66
\BOOKMARK [2][-]{subsection.4.2}{\376\377\000B\000a\000c\000k\000g\000r\000o\000u\000n\000d}{section.4}% 67
\BOOKMARK [3][-]{subsubsection.4.2.1}{\376\377\000A\000\040\000F\000o\000r\000m\000a\000l\000\040\000D\000e\000f\000i\000n\000i\000t\000i\000o\000n\000\040\000o\000f\000\040\000C\000S\000M}{subsection.4.2}% 68
\BOOKMARK [3][-]{subsubsection.4.2.2}{\376\377\000E\000x\000i\000s\000t\000i\000n\000g\000\040\000G\000P\000U\000-\000b\000a\000s\000e\000d\000\040\000C\000S\000M\000\040\000s\000y\000s\000t\000e\000m\000s}{subsection.4.2}% 69
\BOOKMARK [2][-]{subsection.4.3}{\376\377\000O\000v\000e\000r\000v\000i\000e\000w\000\040\000o\000f\000\040\000D\000C\000S\000M}{section.4}% 70
\BOOKMARK [2][-]{subsection.4.4}{\376\377\000G\000r\000a\000p\000h\000\040\000U\000p\000d\000a\000t\000e\000r\000\040\000a\000n\000d\000\040\000M\000u\000l\000t\000i\000-\000V\000e\000r\000s\000i\000o\000n\000\040\000G\000r\000a\000p\000h}{section.4}% 71
\BOOKMARK [3][-]{subsubsection.4.4.1}{\376\377\000M\000u\000l\000t\000i\000-\000V\000e\000r\000s\000i\000o\000n\000\040\000G\000r\000a\000p\000h\000\040\000\050\000M\000V\000G\000\051\000\040\000D\000a\000t\000a\000\040\000S\000t\000r\000u\000c\000t\000u\000r\000e}{subsection.4.4}% 72
\BOOKMARK [3][-]{subsubsection.4.4.2}{\376\377\000U\000p\000d\000a\000t\000e\000\040\000P\000r\000o\000c\000e\000d\000u\000r\000e}{subsection.4.4}% 73
\BOOKMARK [3][-]{subsubsection.4.4.3}{\376\377\000P\000a\000r\000a\000l\000l\000e\000l\000\040\000G\000r\000a\000p\000h\000\040\000U\000p\000d\000a\000t\000e\000r}{subsection.4.4}% 74
\BOOKMARK [2][-]{subsection.4.5}{\376\377\000E\000x\000e\000c\000u\000t\000o\000r}{section.4}% 75
\BOOKMARK [3][-]{subsubsection.4.5.1}{\376\377\000C\000o\000r\000r\000e\000c\000t\000n\000e\000s\000s\000\040\000G\000u\000a\000r\000a\000n\000t\000e\000e}{subsection.4.5}% 76
\BOOKMARK [3][-]{subsubsection.4.5.2}{\376\377\000C\000o\000n\000t\000i\000n\000u\000o\000u\000s\000\040\000S\000u\000b\000g\000r\000a\000p\000h\000\040\000M\000a\000t\000c\000h\000i\000n\000g\000-\000S\000p\000e\000c\000i\000f\000i\000c\000\040\000O\000p\000t\000i\000m\000i\000z\000a\000t\000i\000o\000n\000s}{subsection.4.5}% 77
\BOOKMARK [2][-]{subsection.4.6}{\376\377\000G\000a\000r\000b\000a\000g\000e\000\040\000C\000o\000l\000l\000e\000c\000t\000o\000r}{section.4}% 78
\BOOKMARK [3][-]{subsubsection.4.6.1}{\376\377\000R\000e\000l\000e\000a\000s\000e\000\040\000C\000o\000n\000d\000i\000t\000i\000o\000n\000s}{subsection.4.6}% 79
\BOOKMARK [3][-]{subsubsection.4.6.2}{\376\377\000G\000a\000r\000b\000a\000g\000e\000\040\000C\000o\000l\000l\000e\000c\000t\000i\000o\000n\000\040\000G\000r\000a\000p\000h\000\040\000\050\000G\000C\000G\000\051}{subsection.4.6}% 80
\BOOKMARK [3][-]{subsubsection.4.6.3}{\376\377\000I\000m\000p\000l\000e\000m\000e\000n\000t\000a\000t\000i\000o\000n}{subsection.4.6}% 81
\BOOKMARK [2][-]{subsection.4.7}{\376\377\000E\000x\000p\000e\000r\000i\000m\000e\000n\000t\000a\000l\000\040\000R\000e\000s\000u\000l\000t\000s}{section.4}% 82
\BOOKMARK [3][-]{subsubsection.4.7.1}{\376\377\000E\000x\000p\000e\000r\000i\000m\000e\000n\000t\000a\000l\000\040\000S\000e\000t\000u\000p}{subsection.4.7}% 83
\BOOKMARK [3][-]{subsubsection.4.7.2}{\376\377\000T\000h\000r\000o\000u\000g\000h\000p\000u\000t}{subsection.4.7}% 84
\BOOKMARK [3][-]{subsubsection.4.7.3}{\376\377\000R\000e\000s\000p\000o\000n\000s\000e\000\040\000T\000i\000m\000e}{subsection.4.7}% 85
\BOOKMARK [3][-]{subsubsection.4.7.4}{\376\377\000O\000v\000e\000r\000h\000e\000a\000d\000\040\000A\000n\000a\000l\000y\000s\000i\000s}{subsection.4.7}% 86
\BOOKMARK [3][-]{subsubsection.4.7.5}{\376\377\000A\000b\000l\000a\000t\000i\000o\000n\000\040\000S\000t\000u\000d\000y}{subsection.4.7}% 87
\BOOKMARK [2][-]{subsection.4.8}{\376\377\000R\000e\000l\000a\000t\000e\000d\000\040\000W\000o\000r\000k\000s}{section.4}% 88
\BOOKMARK [2][-]{subsection.4.9}{\376\377\000C\000o\000n\000c\000l\000u\000s\000i\000o\000n}{section.4}% 89
\BOOKMARK [1][-]{subsection.4.9}{\376\377\000R\000e\000f\000e\000r\000e\000n\000c\000e\000s}{}% 90
